2020-08-14 21:54:43 - MOD: Modification Default

FILE: system/engine/action.php
REGEX: ~(require|include)(_once)?\(([^)]+)~
LINE: 41

FILE: system/engine/loader.php
REGEX: ~(require|include)(_once)?\(([^)]+)~
LINE: 49
LINE: 108
LINE: 120
LINE: 165

FILE: system/library/config.php
REGEX: ~(require|include)(_once)?\(([^)]+)~
LINE: 23

FILE: system/library/language.php
REGEX: ~(require|include)(_once)?\(([^)]+)~
LINE: 38
LINE: 40
LINE: 49
LINE: 51
LINE: 60
LINE: 62

FILE: system/library/template/php.php
REGEX: ~(require|include)(_once)?\(([^)]+)~
LINE: 18

FILE: system/library/template/tiwg.php
REGEX: ~(require|include)(_once)?\(([^)]+)~
LINE: 24
----------------------------------------------------------------
MOD: fondy_payment

FILE: catalog/controller/checkout/checkout.php
CODE: public function index() {
LINE: 11

FILE: catalog/view/theme/default/template/checkout/checkout.tpl
CODE: <h1><?php echo $heading_title; ?></h1>
LINE: 26
----------------------------------------------------------------
MOD: OcStore 2.3.x track number

FILE: admin/controller/sale/order.php
CODE: $data['shipping_method'] = $order_info['shipping_method'];
LINE: 567
LINE: 942
CODE: public function history() {
LINE: 1545

FILE: admin/model/sale/order.php
CODE: $order_query->row['order_id'],
LINE: 96

FILE: catalog/model/checkout/order.php
CODE: $order_query->row['order_id'],
LINE: 170

FILE: admin/view/template/sale/order_info.tpl
CODE: <td><?php echo $text_reward; ?></td>
LINE: 100
CODE: <?php echo $footer; ?>
LINE: 700

FILE: catalog/model/account/order.php
CODE: $order_query->row['order_id'],
LINE: 46

FILE: catalog/controller/account/order.php
CODE: if ($order_info['invoice_no']) {
LINE: 210

FILE: catalog/view/theme/default/template/account/order_info.tpl
CODE: <b><?php echo $text_shipping_method; ?></b> <?php echo $shipping_method; ?>
LINE: 49
----------------------------------------------------------------
MOD: Local copy OCMOD by iSenseLabs

FILE: admin/controller/extension/installer.php
CODE: 'url'  => str_replace('&amp;', '&', $this->url->link('extension/installer/ftp', 'token=' . $this->session->data['token'],
LINE: 131
CODE: public function unzip() {
LINE: 292
----------------------------------------------------------------
2020-08-14 21:55:22 - MOD: Modification Default

FILE: system/engine/action.php
REGEX: ~(require|include)(_once)?\(([^)]+)~
LINE: 41

FILE: system/engine/loader.php
REGEX: ~(require|include)(_once)?\(([^)]+)~
LINE: 49
LINE: 108
LINE: 120
LINE: 165

FILE: system/library/config.php
REGEX: ~(require|include)(_once)?\(([^)]+)~
LINE: 23

FILE: system/library/language.php
REGEX: ~(require|include)(_once)?\(([^)]+)~
LINE: 38
LINE: 40
LINE: 49
LINE: 51
LINE: 60
LINE: 62

FILE: system/library/template/php.php
REGEX: ~(require|include)(_once)?\(([^)]+)~
LINE: 18

FILE: system/library/template/tiwg.php
REGEX: ~(require|include)(_once)?\(([^)]+)~
LINE: 24
----------------------------------------------------------------
MOD: fondy_payment

FILE: catalog/controller/checkout/checkout.php
CODE: public function index() {
LINE: 11

FILE: catalog/view/theme/default/template/checkout/checkout.tpl
CODE: <h1><?php echo $heading_title; ?></h1>
LINE: 26
----------------------------------------------------------------
MOD: OcStore 2.3.x track number

FILE: admin/controller/sale/order.php
CODE: $data['shipping_method'] = $order_info['shipping_method'];
LINE: 567
LINE: 942
CODE: public function history() {
LINE: 1545

FILE: admin/model/sale/order.php
CODE: $order_query->row['order_id'],
LINE: 96

FILE: catalog/model/checkout/order.php
CODE: $order_query->row['order_id'],
LINE: 170

FILE: admin/view/template/sale/order_info.tpl
CODE: <td><?php echo $text_reward; ?></td>
LINE: 100
CODE: <?php echo $footer; ?>
LINE: 700

FILE: catalog/model/account/order.php
CODE: $order_query->row['order_id'],
LINE: 46

FILE: catalog/controller/account/order.php
CODE: if ($order_info['invoice_no']) {
LINE: 210

FILE: catalog/view/theme/default/template/account/order_info.tpl
CODE: <b><?php echo $text_shipping_method; ?></b> <?php echo $shipping_method; ?>
LINE: 49
----------------------------------------------------------------
MOD: Local copy OCMOD by iSenseLabs

FILE: admin/controller/extension/installer.php
CODE: 'url'  => str_replace('&amp;', '&', $this->url->link('extension/installer/ftp', 'token=' . $this->session->data['token'],
LINE: 131
CODE: public function unzip() {
LINE: 292
----------------------------------------------------------------
2020-08-14 22:00:03 - MOD: Modification Default

FILE: system/engine/action.php
REGEX: ~(require|include)(_once)?\(([^)]+)~
LINE: 41

FILE: system/engine/loader.php
REGEX: ~(require|include)(_once)?\(([^)]+)~
LINE: 49
LINE: 108
LINE: 120
LINE: 165

FILE: system/library/config.php
REGEX: ~(require|include)(_once)?\(([^)]+)~
LINE: 23

FILE: system/library/language.php
REGEX: ~(require|include)(_once)?\(([^)]+)~
LINE: 38
LINE: 40
LINE: 49
LINE: 51
LINE: 60
LINE: 62

FILE: system/library/template/php.php
REGEX: ~(require|include)(_once)?\(([^)]+)~
LINE: 18

FILE: system/library/template/tiwg.php
REGEX: ~(require|include)(_once)?\(([^)]+)~
LINE: 24
----------------------------------------------------------------
MOD: fondy_payment

FILE: catalog/controller/checkout/checkout.php
CODE: public function index() {
LINE: 11

FILE: catalog/view/theme/default/template/checkout/checkout.tpl
CODE: <h1><?php echo $heading_title; ?></h1>
LINE: 26
----------------------------------------------------------------
MOD: OcStore 2.3.x track number

FILE: admin/controller/sale/order.php
CODE: $data['shipping_method'] = $order_info['shipping_method'];
LINE: 567
LINE: 942
CODE: public function history() {
LINE: 1545

FILE: admin/model/sale/order.php
CODE: $order_query->row['order_id'],
LINE: 96

FILE: catalog/model/checkout/order.php
CODE: $order_query->row['order_id'],
LINE: 170

FILE: admin/view/template/sale/order_info.tpl
CODE: <td><?php echo $text_reward; ?></td>
LINE: 100
CODE: <?php echo $footer; ?>
LINE: 700

FILE: catalog/model/account/order.php
CODE: $order_query->row['order_id'],
LINE: 46

FILE: catalog/controller/account/order.php
CODE: if ($order_info['invoice_no']) {
LINE: 210

FILE: catalog/view/theme/default/template/account/order_info.tpl
CODE: <b><?php echo $text_shipping_method; ?></b> <?php echo $shipping_method; ?>
LINE: 49
----------------------------------------------------------------
MOD: Local copy OCMOD by iSenseLabs

FILE: admin/controller/extension/installer.php
CODE: 'url'  => str_replace('&amp;', '&', $this->url->link('extension/installer/ftp', 'token=' . $this->session->data['token'],
LINE: 131
CODE: public function unzip() {
LINE: 292
----------------------------------------------------------------
2020-08-14 22:12:14 - MOD: Modification Default

FILE: system/engine/action.php
REGEX: ~(require|include)(_once)?\(([^)]+)~
LINE: 41

FILE: system/engine/loader.php
REGEX: ~(require|include)(_once)?\(([^)]+)~
LINE: 49
LINE: 108
LINE: 120
LINE: 165

FILE: system/library/config.php
REGEX: ~(require|include)(_once)?\(([^)]+)~
LINE: 23

FILE: system/library/language.php
REGEX: ~(require|include)(_once)?\(([^)]+)~
LINE: 38
LINE: 40
LINE: 49
LINE: 51
LINE: 60
LINE: 62

FILE: system/library/template/php.php
REGEX: ~(require|include)(_once)?\(([^)]+)~
LINE: 18

FILE: system/library/template/tiwg.php
REGEX: ~(require|include)(_once)?\(([^)]+)~
LINE: 24
----------------------------------------------------------------
MOD: fondy_payment

FILE: catalog/controller/checkout/checkout.php
CODE: public function index() {
LINE: 11

FILE: catalog/view/theme/default/template/checkout/checkout.tpl
CODE: <h1><?php echo $heading_title; ?></h1>
LINE: 26
----------------------------------------------------------------
MOD: OcStore 2.3.x track number

FILE: admin/controller/sale/order.php
CODE: $data['shipping_method'] = $order_info['shipping_method'];
LINE: 567
LINE: 942
CODE: public function history() {
LINE: 1545

FILE: admin/model/sale/order.php
CODE: $order_query->row['order_id'],
LINE: 96

FILE: catalog/model/checkout/order.php
CODE: $order_query->row['order_id'],
LINE: 170

FILE: admin/view/template/sale/order_info.tpl
CODE: <td><?php echo $text_reward; ?></td>
LINE: 100
CODE: <?php echo $footer; ?>
LINE: 700

FILE: catalog/model/account/order.php
CODE: $order_query->row['order_id'],
LINE: 46

FILE: catalog/controller/account/order.php
CODE: if ($order_info['invoice_no']) {
LINE: 210

FILE: catalog/view/theme/default/template/account/order_info.tpl
CODE: <b><?php echo $text_shipping_method; ?></b> <?php echo $shipping_method; ?>
LINE: 49
----------------------------------------------------------------
MOD: Local copy OCMOD by iSenseLabs

FILE: admin/controller/extension/installer.php
CODE: 'url'  => str_replace('&amp;', '&', $this->url->link('extension/installer/ftp', 'token=' . $this->session->data['token'],
LINE: 131
CODE: public function unzip() {
LINE: 292
----------------------------------------------------------------
2020-08-14 22:15:05 - MOD: Modification Default

FILE: system/engine/action.php
REGEX: ~(require|include)(_once)?\(([^)]+)~
LINE: 41

FILE: system/engine/loader.php
REGEX: ~(require|include)(_once)?\(([^)]+)~
LINE: 49
LINE: 108
LINE: 120
LINE: 165

FILE: system/library/config.php
REGEX: ~(require|include)(_once)?\(([^)]+)~
LINE: 23

FILE: system/library/language.php
REGEX: ~(require|include)(_once)?\(([^)]+)~
LINE: 38
LINE: 40
LINE: 49
LINE: 51
LINE: 60
LINE: 62

FILE: system/library/template/php.php
REGEX: ~(require|include)(_once)?\(([^)]+)~
LINE: 18

FILE: system/library/template/tiwg.php
REGEX: ~(require|include)(_once)?\(([^)]+)~
LINE: 24
----------------------------------------------------------------
MOD: fondy_payment

FILE: catalog/controller/checkout/checkout.php
CODE: public function index() {
LINE: 11

FILE: catalog/view/theme/default/template/checkout/checkout.tpl
CODE: <h1><?php echo $heading_title; ?></h1>
LINE: 26
----------------------------------------------------------------
MOD: OcStore 2.3.x track number

FILE: admin/controller/sale/order.php
CODE: $data['shipping_method'] = $order_info['shipping_method'];
LINE: 567
LINE: 942
CODE: public function history() {
LINE: 1545

FILE: admin/model/sale/order.php
CODE: $order_query->row['order_id'],
LINE: 96

FILE: catalog/model/checkout/order.php
CODE: $order_query->row['order_id'],
LINE: 170

FILE: admin/view/template/sale/order_info.tpl
CODE: <td><?php echo $text_reward; ?></td>
LINE: 100
CODE: <?php echo $footer; ?>
LINE: 700

FILE: catalog/model/account/order.php
CODE: $order_query->row['order_id'],
LINE: 46

FILE: catalog/controller/account/order.php
CODE: if ($order_info['invoice_no']) {
LINE: 210

FILE: catalog/view/theme/default/template/account/order_info.tpl
CODE: <b><?php echo $text_shipping_method; ?></b> <?php echo $shipping_method; ?>
LINE: 49
----------------------------------------------------------------
MOD: Local copy OCMOD by iSenseLabs

FILE: admin/controller/extension/installer.php
CODE: 'url'  => str_replace('&amp;', '&', $this->url->link('extension/installer/ftp', 'token=' . $this->session->data['token'],
LINE: 131
CODE: public function unzip() {
LINE: 292
----------------------------------------------------------------
2020-08-14 22:16:17 - MOD: Modification Default

FILE: system/engine/action.php
REGEX: ~(require|include)(_once)?\(([^)]+)~
LINE: 41

FILE: system/engine/loader.php
REGEX: ~(require|include)(_once)?\(([^)]+)~
LINE: 49
LINE: 108
LINE: 120
LINE: 165

FILE: system/library/config.php
REGEX: ~(require|include)(_once)?\(([^)]+)~
LINE: 23

FILE: system/library/language.php
REGEX: ~(require|include)(_once)?\(([^)]+)~
LINE: 38
LINE: 40
LINE: 49
LINE: 51
LINE: 60
LINE: 62

FILE: system/library/template/php.php
REGEX: ~(require|include)(_once)?\(([^)]+)~
LINE: 18

FILE: system/library/template/tiwg.php
REGEX: ~(require|include)(_once)?\(([^)]+)~
LINE: 24
----------------------------------------------------------------
MOD: fondy_payment

FILE: catalog/controller/checkout/checkout.php
CODE: public function index() {
LINE: 11

FILE: catalog/view/theme/default/template/checkout/checkout.tpl
CODE: <h1><?php echo $heading_title; ?></h1>
LINE: 26
----------------------------------------------------------------
MOD: OcStore 2.3.x track number

FILE: admin/controller/sale/order.php
CODE: $data['shipping_method'] = $order_info['shipping_method'];
LINE: 567
LINE: 942
CODE: public function history() {
LINE: 1545

FILE: admin/model/sale/order.php
CODE: $order_query->row['order_id'],
LINE: 96

FILE: catalog/model/checkout/order.php
CODE: $order_query->row['order_id'],
LINE: 170

FILE: admin/view/template/sale/order_info.tpl
CODE: <td><?php echo $text_reward; ?></td>
LINE: 100
CODE: <?php echo $footer; ?>
LINE: 700

FILE: catalog/model/account/order.php
CODE: $order_query->row['order_id'],
LINE: 46

FILE: catalog/controller/account/order.php
CODE: if ($order_info['invoice_no']) {
LINE: 210

FILE: catalog/view/theme/default/template/account/order_info.tpl
CODE: <b><?php echo $text_shipping_method; ?></b> <?php echo $shipping_method; ?>
LINE: 49
----------------------------------------------------------------
MOD: Local copy OCMOD by iSenseLabs

FILE: admin/controller/extension/installer.php
CODE: 'url'  => str_replace('&amp;', '&', $this->url->link('extension/installer/ftp', 'token=' . $this->session->data['token'],
LINE: 131
CODE: public function unzip() {
LINE: 292
----------------------------------------------------------------
2020-08-14 22:17:36 - MOD: Modification Default

FILE: system/engine/action.php
REGEX: ~(require|include)(_once)?\(([^)]+)~
LINE: 41

FILE: system/engine/loader.php
REGEX: ~(require|include)(_once)?\(([^)]+)~
LINE: 49
LINE: 108
LINE: 120
LINE: 165

FILE: system/library/config.php
REGEX: ~(require|include)(_once)?\(([^)]+)~
LINE: 23

FILE: system/library/language.php
REGEX: ~(require|include)(_once)?\(([^)]+)~
LINE: 38
LINE: 40
LINE: 49
LINE: 51
LINE: 60
LINE: 62

FILE: system/library/template/php.php
REGEX: ~(require|include)(_once)?\(([^)]+)~
LINE: 18

FILE: system/library/template/tiwg.php
REGEX: ~(require|include)(_once)?\(([^)]+)~
LINE: 24
----------------------------------------------------------------
MOD: fondy_payment

FILE: catalog/controller/checkout/checkout.php
CODE: public function index() {
LINE: 11

FILE: catalog/view/theme/default/template/checkout/checkout.tpl
CODE: <h1><?php echo $heading_title; ?></h1>
LINE: 26
----------------------------------------------------------------
MOD: OcStore 2.3.x track number

FILE: admin/controller/sale/order.php
CODE: $data['shipping_method'] = $order_info['shipping_method'];
LINE: 567
LINE: 942
CODE: public function history() {
LINE: 1545

FILE: admin/model/sale/order.php
CODE: $order_query->row['order_id'],
LINE: 96

FILE: catalog/model/checkout/order.php
CODE: $order_query->row['order_id'],
LINE: 170

FILE: admin/view/template/sale/order_info.tpl
CODE: <td><?php echo $text_reward; ?></td>
LINE: 100
CODE: <?php echo $footer; ?>
LINE: 700

FILE: catalog/model/account/order.php
CODE: $order_query->row['order_id'],
LINE: 46

FILE: catalog/controller/account/order.php
CODE: if ($order_info['invoice_no']) {
LINE: 210

FILE: catalog/view/theme/default/template/account/order_info.tpl
CODE: <b><?php echo $text_shipping_method; ?></b> <?php echo $shipping_method; ?>
LINE: 49
----------------------------------------------------------------
MOD: Local copy OCMOD by iSenseLabs

FILE: admin/controller/extension/installer.php
CODE: 'url'  => str_replace('&amp;', '&', $this->url->link('extension/installer/ftp', 'token=' . $this->session->data['token'],
LINE: 131
CODE: public function unzip() {
LINE: 292
----------------------------------------------------------------
2020-08-14 22:21:18 - MOD: Modification Default

FILE: system/engine/action.php
REGEX: ~(require|include)(_once)?\(([^)]+)~
LINE: 41

FILE: system/engine/loader.php
REGEX: ~(require|include)(_once)?\(([^)]+)~
LINE: 49
LINE: 108
LINE: 120
LINE: 165

FILE: system/library/config.php
REGEX: ~(require|include)(_once)?\(([^)]+)~
LINE: 23

FILE: system/library/language.php
REGEX: ~(require|include)(_once)?\(([^)]+)~
LINE: 38
LINE: 40
LINE: 49
LINE: 51
LINE: 60
LINE: 62

FILE: system/library/template/php.php
REGEX: ~(require|include)(_once)?\(([^)]+)~
LINE: 18

FILE: system/library/template/tiwg.php
REGEX: ~(require|include)(_once)?\(([^)]+)~
LINE: 24
----------------------------------------------------------------
MOD: fondy_payment

FILE: catalog/controller/checkout/checkout.php
CODE: public function index() {
LINE: 11

FILE: catalog/view/theme/default/template/checkout/checkout.tpl
CODE: <h1><?php echo $heading_title; ?></h1>
LINE: 26
----------------------------------------------------------------
MOD: OcStore 2.3.x track number

FILE: admin/controller/sale/order.php
CODE: $data['shipping_method'] = $order_info['shipping_method'];
LINE: 567
LINE: 942
CODE: public function history() {
LINE: 1545

FILE: admin/model/sale/order.php
CODE: $order_query->row['order_id'],
LINE: 96

FILE: catalog/model/checkout/order.php
CODE: $order_query->row['order_id'],
LINE: 170

FILE: admin/view/template/sale/order_info.tpl
CODE: <td><?php echo $text_reward; ?></td>
LINE: 100
CODE: <?php echo $footer; ?>
LINE: 700

FILE: catalog/model/account/order.php
CODE: $order_query->row['order_id'],
LINE: 46

FILE: catalog/controller/account/order.php
CODE: if ($order_info['invoice_no']) {
LINE: 210

FILE: catalog/view/theme/default/template/account/order_info.tpl
CODE: <b><?php echo $text_shipping_method; ?></b> <?php echo $shipping_method; ?>
LINE: 49
----------------------------------------------------------------
MOD: Local copy OCMOD by iSenseLabs

FILE: admin/controller/extension/installer.php
CODE: 'url'  => str_replace('&amp;', '&', $this->url->link('extension/installer/ftp', 'token=' . $this->session->data['token'],
LINE: 131
CODE: public function unzip() {
LINE: 292
----------------------------------------------------------------
2020-08-14 22:35:54 - MOD: Modification Default

FILE: system/engine/action.php
REGEX: ~(require|include)(_once)?\(([^)]+)~
LINE: 41

FILE: system/engine/loader.php
REGEX: ~(require|include)(_once)?\(([^)]+)~
LINE: 49
LINE: 108
LINE: 120
LINE: 165

FILE: system/library/config.php
REGEX: ~(require|include)(_once)?\(([^)]+)~
LINE: 23

FILE: system/library/language.php
REGEX: ~(require|include)(_once)?\(([^)]+)~
LINE: 38
LINE: 40
LINE: 49
LINE: 51
LINE: 60
LINE: 62

FILE: system/library/template/php.php
REGEX: ~(require|include)(_once)?\(([^)]+)~
LINE: 18

FILE: system/library/template/tiwg.php
REGEX: ~(require|include)(_once)?\(([^)]+)~
LINE: 24
----------------------------------------------------------------
MOD: fondy_payment

FILE: catalog/controller/checkout/checkout.php
CODE: public function index() {
LINE: 11

FILE: catalog/view/theme/default/template/checkout/checkout.tpl
CODE: <h1><?php echo $heading_title; ?></h1>
LINE: 26
----------------------------------------------------------------
MOD: OcStore 2.3.x track number

FILE: admin/controller/sale/order.php
CODE: $data['shipping_method'] = $order_info['shipping_method'];
LINE: 567
LINE: 942
CODE: public function history() {
LINE: 1545

FILE: admin/model/sale/order.php
CODE: $order_query->row['order_id'],
LINE: 96

FILE: catalog/model/checkout/order.php
CODE: $order_query->row['order_id'],
LINE: 170

FILE: admin/view/template/sale/order_info.tpl
CODE: <td><?php echo $text_reward; ?></td>
LINE: 100
CODE: <?php echo $footer; ?>
LINE: 700

FILE: catalog/model/account/order.php
CODE: $order_query->row['order_id'],
LINE: 46

FILE: catalog/controller/account/order.php
CODE: if ($order_info['invoice_no']) {
LINE: 210

FILE: catalog/view/theme/default/template/account/order_info.tpl
CODE: <b><?php echo $text_shipping_method; ?></b> <?php echo $shipping_method; ?>
LINE: 49
----------------------------------------------------------------
MOD: Local copy OCMOD by iSenseLabs

FILE: admin/controller/extension/installer.php
CODE: 'url'  => str_replace('&amp;', '&', $this->url->link('extension/installer/ftp', 'token=' . $this->session->data['token'],
LINE: 131
CODE: public function unzip() {
LINE: 292
----------------------------------------------------------------
MOD: GreyImage OpenCart 2.*

FILE: catalog/controller/product/category.php
CODE: $result['product_id'],
LINE: 225

FILE: catalog/controller/product/compare.php
CODE: $result['product_id'],
NOT FOUND - OPERATIONS ABORTED!

FILE: catalog/controller/product/manufacturer.php
CODE: $result['product_id'],
LINE: 235

FILE: catalog/controller/product/product.php
CODE: $result['product_id'],
LINE: 452

FILE: catalog/controller/product/search.php
CODE: $result['product_id'],
LINE: 248

FILE: catalog/controller/product/special.php
CODE: $result['product_id'],
LINE: 133
CODE: if ($product_info['quantity'] <= 0) {
LINE: 284

FILE: catalog/view/theme/default/template/product/category.tpl
CODE: <?php echo $product['thumb']; ?>"
LINE: 100

FILE: catalog/view/theme/default/template/product/compare.tpl
CODE: <?php echo $product['thumb']; ?>"
LINE: 40

FILE: catalog/view/theme/default/template/product/manufacturer_info.tpl
CODE: <?php echo $product['thumb']; ?>"
LINE: 74

FILE: catalog/view/theme/default/template/product/manufacturer_list.tpl
CODE: <?php echo $product['thumb']; ?>"
NOT FOUND - OPERATIONS ABORTED!

FILE: catalog/view/theme/default/template/product/product.tpl
CODE: <?php echo $product['thumb']; ?>"
LINE: 335

FILE: catalog/view/theme/default/template/product/review.tpl
CODE: <?php echo $product['thumb']; ?>"
NOT FOUND - OPERATIONS ABORTED!

FILE: catalog/view/theme/default/template/product/search.tpl
CODE: <?php echo $product['thumb']; ?>"
LINE: 115

FILE: catalog/view/theme/default/template/product/special.tpl
CODE: <?php echo $product['thumb']; ?>"
LINE: 63
CODE: <?php echo $thumb; ?>"
LINE: 26

FILE: catalog/view/theme/default/template/common/footer.tpl
CODE: </body>
LINE: 72

FILE: catalog/view/theme/ochi/template/common/footer.tpl
CODE: </body>
LINE: 72
----------------------------------------------------------------
2020-08-15 21:51:54 - MOD: Modification Default

FILE: system/engine/action.php
REGEX: ~(require|include)(_once)?\(([^)]+)~
LINE: 41

FILE: system/engine/loader.php
REGEX: ~(require|include)(_once)?\(([^)]+)~
LINE: 49
LINE: 108
LINE: 120
LINE: 165

FILE: system/library/config.php
REGEX: ~(require|include)(_once)?\(([^)]+)~
LINE: 23

FILE: system/library/language.php
REGEX: ~(require|include)(_once)?\(([^)]+)~
LINE: 38
LINE: 40
LINE: 49
LINE: 51
LINE: 60
LINE: 62

FILE: system/library/template/php.php
REGEX: ~(require|include)(_once)?\(([^)]+)~
LINE: 18

FILE: system/library/template/tiwg.php
REGEX: ~(require|include)(_once)?\(([^)]+)~
LINE: 24

FILE: system/library/template/twig.php
NOT FOUND - OPERATIONS ABORTED!
----------------------------------------------------------------
MOD: d_event_manager_startup

FILE: system/library/d_event_manager/action.php
REGEX: ~(require|include)(_once)?\(([^)]+)~
LINE: 44

FILE: system/library/d_event_manager/event.php
NOT FOUND - OPERATIONS ABORTED!

FILE: system/library/d_event_manager/loader.php
REGEX: ~(require|include)(_once)?\(([^)]+)~
LINE: 167

FILE: system/library/d_event_manager/proxy.php
NOT FOUND - OPERATIONS ABORTED!
----------------------------------------------------------------
MOD: fondy_payment

FILE: catalog/controller/checkout/checkout.php
CODE: public function index() {
LINE: 11

FILE: catalog/view/theme/default/template/checkout/checkout.tpl
CODE: <h1><?php echo $heading_title; ?></h1>
LINE: 26
----------------------------------------------------------------
MOD: OcStore 2.3.x track number

FILE: admin/controller/sale/order.php
CODE: $data['shipping_method'] = $order_info['shipping_method'];
LINE: 567
LINE: 942
CODE: public function history() {
LINE: 1545

FILE: admin/model/sale/order.php
CODE: $order_query->row['order_id'],
LINE: 96

FILE: catalog/model/checkout/order.php
CODE: $order_query->row['order_id'],
LINE: 170

FILE: admin/view/template/sale/order_info.tpl
CODE: <td><?php echo $text_reward; ?></td>
LINE: 100
CODE: <?php echo $footer; ?>
LINE: 700

FILE: catalog/model/account/order.php
CODE: $order_query->row['order_id'],
LINE: 46

FILE: catalog/controller/account/order.php
CODE: if ($order_info['invoice_no']) {
LINE: 210

FILE: catalog/view/theme/default/template/account/order_info.tpl
CODE: <b><?php echo $text_shipping_method; ?></b> <?php echo $shipping_method; ?>
LINE: 49
----------------------------------------------------------------
MOD: Local copy OCMOD by iSenseLabs

FILE: admin/controller/extension/installer.php
CODE: 'url'  => str_replace('&amp;', '&', $this->url->link('extension/installer/ftp', 'token=' . $this->session->data['token'],
LINE: 131
CODE: public function unzip() {
LINE: 292
----------------------------------------------------------------
MOD: GreyImage OpenCart 2.*

FILE: catalog/controller/product/category.php
CODE: $result['product_id'],
LINE: 225

FILE: catalog/controller/product/compare.php
CODE: $result['product_id'],
NOT FOUND - OPERATIONS ABORTED!

FILE: catalog/controller/product/manufacturer.php
CODE: $result['product_id'],
LINE: 235

FILE: catalog/controller/product/product.php
CODE: $result['product_id'],
LINE: 452

FILE: catalog/controller/product/search.php
CODE: $result['product_id'],
LINE: 248

FILE: catalog/controller/product/special.php
CODE: $result['product_id'],
LINE: 133
CODE: if ($product_info['quantity'] <= 0) {
LINE: 284

FILE: catalog/view/theme/default/template/product/category.tpl
CODE: <?php echo $product['thumb']; ?>"
LINE: 100

FILE: catalog/view/theme/default/template/product/compare.tpl
CODE: <?php echo $product['thumb']; ?>"
LINE: 40

FILE: catalog/view/theme/default/template/product/manufacturer_info.tpl
CODE: <?php echo $product['thumb']; ?>"
LINE: 74

FILE: catalog/view/theme/default/template/product/manufacturer_list.tpl
CODE: <?php echo $product['thumb']; ?>"
NOT FOUND - OPERATIONS ABORTED!

FILE: catalog/view/theme/default/template/product/product.tpl
CODE: <?php echo $product['thumb']; ?>"
LINE: 335

FILE: catalog/view/theme/default/template/product/review.tpl
CODE: <?php echo $product['thumb']; ?>"
NOT FOUND - OPERATIONS ABORTED!

FILE: catalog/view/theme/default/template/product/search.tpl
CODE: <?php echo $product['thumb']; ?>"
LINE: 115

FILE: catalog/view/theme/default/template/product/special.tpl
CODE: <?php echo $product['thumb']; ?>"
LINE: 63
CODE: <?php echo $thumb; ?>"
LINE: 26

FILE: catalog/view/theme/default/template/common/footer.tpl
CODE: </body>
LINE: 72

FILE: catalog/view/theme/ochi/template/common/footer.tpl
CODE: </body>
LINE: 72
----------------------------------------------------------------
MOD: d_opencart_patch

FILE: admin/controller/extension/extension/dashboard.php
CODE: 'dashboard_' . $this->request->get['extension']
NOT FOUND - OPERATION SKIPPED!
CODE: $this->load->controller('extension/dashboard/' . $this->request->get['extension'] . '/uninstall');
LINE: 48
CODE: $this->model_extension_extension->uninstall('dashboard', $value);
LINE: 94

FILE: admin/controller/event/compatibility.php
CODE: $route = $part[1] . '/' . $part[2];
LINE: 9
LINE: 20

FILE: admin/controller/extension/extension/feed.php
CODE: $this->model_user_user_group->addPermission($this->user->getGroupId(), 'modify', 'extension/feed/' . $this->request->get['extension']);
LINE: 28

FILE: admin/controller/extension/extension/fraud.php
CODE: $this->model_user_user_group->addPermission($this->user->getGroupId(), 'modify', 'extension/fraud/' . $this->request->get['extension']);
LINE: 28

FILE: admin/controller/extension/extension/module.php
CODE: $this->model_user_user_group->addPermission($this->user->getGroupId(), 'modify', 'extension/module/' . $this->request->get['extension']);
LINE: 34
CODE: $data['extensions'][] = array(
LINE: 180

FILE: admin/controller/extension/extension/payment.php
CODE: $this->model_user_user_group->addPermission($this->user->getGroupId(), 'modify', 'extension/payment/' . $this->request->get['extension']);
LINE: 28

FILE: admin/controller/extension/extension/shipping.php
CODE: $this->model_user_user_group->addPermission($this->user->getGroupId(), 'modify', 'extension/shipping/' . $this->request->get['extension']);
LINE: 28

FILE: admin/controller/extension/extension/theme.php
CODE: $this->model_user_user_group->addPermission($this->user->getGroupId(), 'modify', 'extension/theme/' . $this->request->get['extension']);
LINE: 29

FILE: admin/controller/extension/extension/total.php
CODE: $this->model_user_user_group->addPermission($this->user->getGroupId(), 'modify', 'extension/total/' . $this->request->get['extension']);
LINE: 29

FILE: catalog/controller/event/compatibility.php
CODE: $route = $part[1] . '/' . $part[2];
LINE: 27
LINE: 37
LINE: 55

FILE: system/library/cart/user.php
CODE: return in_array($value, $this->permission[$key]);
LINE: 72

FILE: system/config/catalog.php
CODE: $_['action_event'] = array(
LINE: 61
CODE: class ControllerEventCompatibility extends Controller {
LINE: 5
CODE: public function view(&$route, &$data) {
LINE: 40

FILE: admin/model/localisation/language.php
CODE: $this->db->query("DELETE FROM " . DB_PREFIX . "banner_image_description WHERE language_id = '" . (int)$language_id . "'");
NOT FOUND - OPERATION SKIPPED!

FILE: admin/view/template/extension/extension/analytics.tpl
CODE: <?php } ?>
LINE: 32
CODE: <?php } else { ?>
LINE: 48

FILE: admin/controller/user/user_permission.php
CODE: $path[] = $file . '/*';
LINE: 369
CODE: $permission = substr($controller, 0, strrpos($controller, '.'));
LINE: 387
CODE: $modification_info = $this->model_extension_modification->getModificationByCode($code);
LINE: 533

FILE: admin/controller/common/filemanager.php
CODE: $files = glob($directory . '/' . $filter_name . '*.{jpg,jpeg,png,gif,JPG,JPEG,PNG,GIF}', GLOB_BRACE);
LINE: 72
CODE: 'jpg',
LINE: 304
CODE: 'image/jpeg',
LINE: 317

FILE: admin/model/tool/image.php
CODE: public function resize($filename, $width, $height) {
LINE: 18

FILE: catalog/model/tool/image.php
CODE: public function resize($filename, $width, $height) {
LINE: 18
----------------------------------------------------------------
2020-08-15 22:01:04 - MOD: Modification Default
FILE: system/engine/action.php
REGEX: ~(require|include)(_once)?\(([^)]+)~
LINE: 41
FILE: system/engine/loader.php
REGEX: ~(require|include)(_once)?\(([^)]+)~
LINE: 49
LINE: 108
LINE: 120
LINE: 165
FILE: system/library/config.php
REGEX: ~(require|include)(_once)?\(([^)]+)~
LINE: 23
FILE: system/library/language.php
REGEX: ~(require|include)(_once)?\(([^)]+)~
LINE: 38
LINE: 40
LINE: 49
LINE: 51
LINE: 60
LINE: 62
FILE: system/library/template/php.php
REGEX: ~(require|include)(_once)?\(([^)]+)~
LINE: 18
FILE: system/library/template/tiwg.php
REGEX: ~(require|include)(_once)?\(([^)]+)~
LINE: 24
FILE: system/library/template/twig.php
NOT FOUND!
----------------------------------------------------------------
MOD: d_event_manager_startup
FILE: system/library/d_event_manager/action.php
REGEX: ~(require|include)(_once)?\(([^)]+)~
LINE: 44
FILE: system/library/d_event_manager/event.php
NOT FOUND!
FILE: system/library/d_event_manager/loader.php
REGEX: ~(require|include)(_once)?\(([^)]+)~
LINE: 167
FILE: system/library/d_event_manager/proxy.php
NOT FOUND!
----------------------------------------------------------------
MOD: fondy_payment
FILE: catalog/controller/checkout/checkout.php
CODE: public function index() {
LINE: 11
FILE: catalog/view/theme/default/template/checkout/checkout.tpl
CODE: <h1><?php echo $heading_title; ?></h1>
LINE: 26
----------------------------------------------------------------
MOD: OcStore 2.3.x track number
FILE: admin/controller/sale/order.php
CODE: $data['shipping_method'] = $order_info['shipping_method'];
LINE: 567
LINE: 942
CODE: public function history() {
LINE: 1545
FILE: admin/model/sale/order.php
CODE: $order_query->row['order_id'],
LINE: 96
FILE: catalog/model/checkout/order.php
CODE: $order_query->row['order_id'],
LINE: 170
FILE: admin/view/template/sale/order_info.tpl
CODE: <td><?php echo $text_reward; ?></td>
LINE: 100
CODE: <?php echo $footer; ?>
LINE: 700
FILE: catalog/model/account/order.php
CODE: $order_query->row['order_id'],
LINE: 46
FILE: catalog/controller/account/order.php
CODE: if ($order_info['invoice_no']) {
LINE: 210
FILE: catalog/view/theme/default/template/account/order_info.tpl
CODE: <b><?php echo $text_shipping_method; ?></b> <?php echo $shipping_method; ?>
LINE: 49
----------------------------------------------------------------
MOD: d_ajax_search
FILE: catalog/controller/common/header.php
CODE: public function index() {
LINE: 3
----------------------------------------------------------------
MOD: d_opencart_patch
FILE: admin/controller/extension/extension/dashboard.php
CODE: 'dashboard_' . $this->request->get['extension']
NOT FOUND!
CODE: $this->load->controller('extension/dashboard/' . $this->request->get['extension'] . '/uninstall');
LINE: 48
CODE: $this->model_extension_extension->uninstall('dashboard', $value);
LINE: 94
FILE: admin/controller/event/compatibility.php
CODE: $route = $part[1] . '/' . $part[2];
LINE: 9
LINE: 20
FILE: admin/controller/extension/extension/feed.php
CODE: $this->model_user_user_group->addPermission($this->user->getGroupId(), 'modify', 'extension/feed/' . $this->request->get['extension']);
LINE: 28
FILE: admin/controller/extension/extension/fraud.php
CODE: $this->model_user_user_group->addPermission($this->user->getGroupId(), 'modify', 'extension/fraud/' . $this->request->get['extension']);
LINE: 28
FILE: admin/controller/extension/extension/module.php
CODE: $this->model_user_user_group->addPermission($this->user->getGroupId(), 'modify', 'extension/module/' . $this->request->get['extension']);
LINE: 34
CODE: $data['extensions'][] = array(
LINE: 180
FILE: admin/controller/extension/extension/payment.php
CODE: $this->model_user_user_group->addPermission($this->user->getGroupId(), 'modify', 'extension/payment/' . $this->request->get['extension']);
LINE: 28
FILE: admin/controller/extension/extension/shipping.php
CODE: $this->model_user_user_group->addPermission($this->user->getGroupId(), 'modify', 'extension/shipping/' . $this->request->get['extension']);
LINE: 28
FILE: admin/controller/extension/extension/theme.php
CODE: $this->model_user_user_group->addPermission($this->user->getGroupId(), 'modify', 'extension/theme/' . $this->request->get['extension']);
LINE: 29
FILE: admin/controller/extension/extension/total.php
CODE: $this->model_user_user_group->addPermission($this->user->getGroupId(), 'modify', 'extension/total/' . $this->request->get['extension']);
LINE: 29
FILE: catalog/controller/event/compatibility.php
CODE: $route = $part[1] . '/' . $part[2];
LINE: 27
LINE: 37
LINE: 55
FILE: system/library/cart/user.php
CODE: return in_array($value, $this->permission[$key]);
LINE: 72
FILE: system/config/catalog.php
CODE: $_['action_event'] = array(
LINE: 61
CODE: class ControllerEventCompatibility extends Controller {
LINE: 5
CODE: public function view(&$route, &$data) {
LINE: 40
FILE: admin/model/localisation/language.php
CODE: $this->db->query("DELETE FROM " . DB_PREFIX . "banner_image_description WHERE language_id = '" . (int)$language_id . "'");
NOT FOUND!
FILE: admin/view/template/extension/extension/analytics.tpl
CODE: <?php } ?>
LINE: 32
CODE: <?php } else { ?>
LINE: 48
FILE: admin/controller/user/user_permission.php
CODE: $path[] = $file . '/*';
LINE: 369
CODE: $permission = substr($controller, 0, strrpos($controller, '.'));
LINE: 387
FILE: admin/controller/extension/installer.php
CODE: $modification_info = $this->model_extension_modification->getModificationByCode($code);
LINE: 457
FILE: admin/controller/common/filemanager.php
CODE: $files = glob($directory . '/' . $filter_name . '*.{jpg,jpeg,png,gif,JPG,JPEG,PNG,GIF}', GLOB_BRACE);
LINE: 72
CODE: 'jpg',
LINE: 304
CODE: 'image/jpeg',
LINE: 317
FILE: admin/model/tool/image.php
CODE: public function resize($filename, $width, $height) {
LINE: 18
FILE: catalog/model/tool/image.php
CODE: public function resize($filename, $width, $height) {
LINE: 18
----------------------------------------------------------------
MOD: GreyImage OpenCart 2.*
FILE: catalog/controller/product/category.php
CODE: $result['product_id'],
LINE: 225
FILE: catalog/controller/product/compare.php
CODE: $result['product_id'],
NOT FOUND!
FILE: catalog/controller/product/manufacturer.php
CODE: $result['product_id'],
LINE: 235
FILE: catalog/controller/product/product.php
CODE: $result['product_id'],
LINE: 452
FILE: catalog/controller/product/search.php
CODE: $result['product_id'],
LINE: 248
FILE: catalog/controller/product/special.php
CODE: $result['product_id'],
LINE: 133
CODE: if ($product_info['quantity'] <= 0) {
LINE: 284
FILE: catalog/view/theme/default/template/product/category.tpl
CODE: <?php echo $product['thumb']; ?>"
LINE: 100
FILE: catalog/view/theme/default/template/product/compare.tpl
CODE: <?php echo $product['thumb']; ?>"
LINE: 40
FILE: catalog/view/theme/default/template/product/manufacturer_info.tpl
CODE: <?php echo $product['thumb']; ?>"
LINE: 74
FILE: catalog/view/theme/default/template/product/manufacturer_list.tpl
CODE: <?php echo $product['thumb']; ?>"
NOT FOUND!
FILE: catalog/view/theme/default/template/product/product.tpl
CODE: <?php echo $product['thumb']; ?>"
LINE: 335
FILE: catalog/view/theme/default/template/product/review.tpl
CODE: <?php echo $product['thumb']; ?>"
NOT FOUND!
FILE: catalog/view/theme/default/template/product/search.tpl
CODE: <?php echo $product['thumb']; ?>"
LINE: 115
FILE: catalog/view/theme/default/template/product/special.tpl
CODE: <?php echo $product['thumb']; ?>"
LINE: 63
CODE: <?php echo $thumb; ?>"
LINE: 26
FILE: catalog/view/theme/default/template/common/footer.tpl
CODE: </body>
LINE: 72
FILE: catalog/view/theme/ochi/template/common/footer.tpl
CODE: </body>
LINE: 72
----------------------------------------------------------------
MOD: Local copy OCMOD by iSenseLabs
CODE: 'url'  => str_replace('&amp;', '&', $this->url->link('extension/installer/ftp', 'token=' . $this->session->data['token'],
LINE: 131
CODE: public function unzip() {
LINE: 292
----------------------------------------------------------------
2020-08-15 22:02:10 - MOD: Modification Default

FILE: system/engine/action.php
REGEX: ~(require|include)(_once)?\(([^)]+)~
LINE: 41

FILE: system/engine/loader.php
REGEX: ~(require|include)(_once)?\(([^)]+)~
LINE: 49
LINE: 108
LINE: 120
LINE: 165

FILE: system/library/config.php
REGEX: ~(require|include)(_once)?\(([^)]+)~
LINE: 23

FILE: system/library/language.php
REGEX: ~(require|include)(_once)?\(([^)]+)~
LINE: 38
LINE: 40
LINE: 49
LINE: 51
LINE: 60
LINE: 62

FILE: system/library/template/php.php
REGEX: ~(require|include)(_once)?\(([^)]+)~
LINE: 18

FILE: system/library/template/tiwg.php
REGEX: ~(require|include)(_once)?\(([^)]+)~
LINE: 24

FILE: system/library/template/twig.php
NOT FOUND - OPERATIONS ABORTED!
----------------------------------------------------------------
MOD: d_event_manager_startup

FILE: system/library/d_event_manager/action.php
REGEX: ~(require|include)(_once)?\(([^)]+)~
LINE: 44

FILE: system/library/d_event_manager/event.php
NOT FOUND - OPERATIONS ABORTED!

FILE: system/library/d_event_manager/loader.php
REGEX: ~(require|include)(_once)?\(([^)]+)~
LINE: 167

FILE: system/library/d_event_manager/proxy.php
NOT FOUND - OPERATIONS ABORTED!
----------------------------------------------------------------
MOD: fondy_payment

FILE: catalog/controller/checkout/checkout.php
CODE: public function index() {
LINE: 11

FILE: catalog/view/theme/default/template/checkout/checkout.tpl
CODE: <h1><?php echo $heading_title; ?></h1>
LINE: 26
----------------------------------------------------------------
MOD: OcStore 2.3.x track number

FILE: admin/controller/sale/order.php
CODE: $data['shipping_method'] = $order_info['shipping_method'];
LINE: 567
LINE: 942
CODE: public function history() {
LINE: 1545

FILE: admin/model/sale/order.php
CODE: $order_query->row['order_id'],
LINE: 96

FILE: catalog/model/checkout/order.php
CODE: $order_query->row['order_id'],
LINE: 170

FILE: admin/view/template/sale/order_info.tpl
CODE: <td><?php echo $text_reward; ?></td>
LINE: 100
CODE: <?php echo $footer; ?>
LINE: 700

FILE: catalog/model/account/order.php
CODE: $order_query->row['order_id'],
LINE: 46

FILE: catalog/controller/account/order.php
CODE: if ($order_info['invoice_no']) {
LINE: 210

FILE: catalog/view/theme/default/template/account/order_info.tpl
CODE: <b><?php echo $text_shipping_method; ?></b> <?php echo $shipping_method; ?>
LINE: 49
----------------------------------------------------------------
MOD: Local copy OCMOD by iSenseLabs

FILE: admin/controller/extension/installer.php
CODE: 'url'  => str_replace('&amp;', '&', $this->url->link('extension/installer/ftp', 'token=' . $this->session->data['token'],
LINE: 131
CODE: public function unzip() {
LINE: 292
----------------------------------------------------------------
MOD: GreyImage OpenCart 2.*

FILE: catalog/controller/product/category.php
CODE: $result['product_id'],
LINE: 225

FILE: catalog/controller/product/compare.php
CODE: $result['product_id'],
NOT FOUND - OPERATIONS ABORTED!

FILE: catalog/controller/product/manufacturer.php
CODE: $result['product_id'],
LINE: 235

FILE: catalog/controller/product/product.php
CODE: $result['product_id'],
LINE: 452

FILE: catalog/controller/product/search.php
CODE: $result['product_id'],
LINE: 248

FILE: catalog/controller/product/special.php
CODE: $result['product_id'],
LINE: 133
CODE: if ($product_info['quantity'] <= 0) {
LINE: 284

FILE: catalog/view/theme/default/template/product/category.tpl
CODE: <?php echo $product['thumb']; ?>"
LINE: 100

FILE: catalog/view/theme/default/template/product/compare.tpl
CODE: <?php echo $product['thumb']; ?>"
LINE: 40

FILE: catalog/view/theme/default/template/product/manufacturer_info.tpl
CODE: <?php echo $product['thumb']; ?>"
LINE: 74

FILE: catalog/view/theme/default/template/product/manufacturer_list.tpl
CODE: <?php echo $product['thumb']; ?>"
NOT FOUND - OPERATIONS ABORTED!

FILE: catalog/view/theme/default/template/product/product.tpl
CODE: <?php echo $product['thumb']; ?>"
LINE: 335

FILE: catalog/view/theme/default/template/product/review.tpl
CODE: <?php echo $product['thumb']; ?>"
NOT FOUND - OPERATIONS ABORTED!

FILE: catalog/view/theme/default/template/product/search.tpl
CODE: <?php echo $product['thumb']; ?>"
LINE: 115

FILE: catalog/view/theme/default/template/product/special.tpl
CODE: <?php echo $product['thumb']; ?>"
LINE: 63
CODE: <?php echo $thumb; ?>"
LINE: 26

FILE: catalog/view/theme/default/template/common/footer.tpl
CODE: </body>
LINE: 72

FILE: catalog/view/theme/ochi/template/common/footer.tpl
CODE: </body>
LINE: 72
----------------------------------------------------------------
MOD: d_opencart_patch

FILE: admin/controller/extension/extension/dashboard.php
CODE: 'dashboard_' . $this->request->get['extension']
NOT FOUND - OPERATION SKIPPED!
CODE: $this->load->controller('extension/dashboard/' . $this->request->get['extension'] . '/uninstall');
LINE: 48
CODE: $this->model_extension_extension->uninstall('dashboard', $value);
LINE: 94

FILE: admin/controller/event/compatibility.php
CODE: $route = $part[1] . '/' . $part[2];
LINE: 9
LINE: 20

FILE: admin/controller/extension/extension/feed.php
CODE: $this->model_user_user_group->addPermission($this->user->getGroupId(), 'modify', 'extension/feed/' . $this->request->get['extension']);
LINE: 28

FILE: admin/controller/extension/extension/fraud.php
CODE: $this->model_user_user_group->addPermission($this->user->getGroupId(), 'modify', 'extension/fraud/' . $this->request->get['extension']);
LINE: 28

FILE: admin/controller/extension/extension/module.php
CODE: $this->model_user_user_group->addPermission($this->user->getGroupId(), 'modify', 'extension/module/' . $this->request->get['extension']);
LINE: 34
CODE: $data['extensions'][] = array(
LINE: 180

FILE: admin/controller/extension/extension/payment.php
CODE: $this->model_user_user_group->addPermission($this->user->getGroupId(), 'modify', 'extension/payment/' . $this->request->get['extension']);
LINE: 28

FILE: admin/controller/extension/extension/shipping.php
CODE: $this->model_user_user_group->addPermission($this->user->getGroupId(), 'modify', 'extension/shipping/' . $this->request->get['extension']);
LINE: 28

FILE: admin/controller/extension/extension/theme.php
CODE: $this->model_user_user_group->addPermission($this->user->getGroupId(), 'modify', 'extension/theme/' . $this->request->get['extension']);
LINE: 29

FILE: admin/controller/extension/extension/total.php
CODE: $this->model_user_user_group->addPermission($this->user->getGroupId(), 'modify', 'extension/total/' . $this->request->get['extension']);
LINE: 29

FILE: catalog/controller/event/compatibility.php
CODE: $route = $part[1] . '/' . $part[2];
LINE: 27
LINE: 37
LINE: 55

FILE: system/library/cart/user.php
CODE: return in_array($value, $this->permission[$key]);
LINE: 72

FILE: system/config/catalog.php
CODE: $_['action_event'] = array(
LINE: 61
CODE: class ControllerEventCompatibility extends Controller {
LINE: 5
CODE: public function view(&$route, &$data) {
LINE: 40

FILE: admin/model/localisation/language.php
CODE: $this->db->query("DELETE FROM " . DB_PREFIX . "banner_image_description WHERE language_id = '" . (int)$language_id . "'");
NOT FOUND - OPERATION SKIPPED!

FILE: admin/view/template/extension/extension/analytics.tpl
CODE: <?php } ?>
LINE: 32
CODE: <?php } else { ?>
LINE: 48

FILE: admin/controller/user/user_permission.php
CODE: $path[] = $file . '/*';
LINE: 369
CODE: $permission = substr($controller, 0, strrpos($controller, '.'));
LINE: 387
CODE: $modification_info = $this->model_extension_modification->getModificationByCode($code);
LINE: 533

FILE: admin/controller/common/filemanager.php
CODE: $files = glob($directory . '/' . $filter_name . '*.{jpg,jpeg,png,gif,JPG,JPEG,PNG,GIF}', GLOB_BRACE);
LINE: 72
CODE: 'jpg',
LINE: 304
CODE: 'image/jpeg',
LINE: 317

FILE: admin/model/tool/image.php
CODE: public function resize($filename, $width, $height) {
LINE: 18

FILE: catalog/model/tool/image.php
CODE: public function resize($filename, $width, $height) {
LINE: 18
----------------------------------------------------------------
MOD: d_ajax_search

FILE: catalog/controller/common/header.php
CODE: public function index() {
LINE: 3
----------------------------------------------------------------
2020-08-15 22:03:01 - MOD: Modification Default

FILE: system/engine/action.php
REGEX: ~(require|include)(_once)?\(([^)]+)~
LINE: 41

FILE: system/engine/loader.php
REGEX: ~(require|include)(_once)?\(([^)]+)~
LINE: 49
LINE: 108
LINE: 120
LINE: 165

FILE: system/library/config.php
REGEX: ~(require|include)(_once)?\(([^)]+)~
LINE: 23

FILE: system/library/language.php
REGEX: ~(require|include)(_once)?\(([^)]+)~
LINE: 38
LINE: 40
LINE: 49
LINE: 51
LINE: 60
LINE: 62

FILE: system/library/template/php.php
REGEX: ~(require|include)(_once)?\(([^)]+)~
LINE: 18

FILE: system/library/template/tiwg.php
REGEX: ~(require|include)(_once)?\(([^)]+)~
LINE: 24

FILE: system/library/template/twig.php
NOT FOUND - OPERATIONS ABORTED!
----------------------------------------------------------------
MOD: d_event_manager_startup

FILE: system/library/d_event_manager/action.php
REGEX: ~(require|include)(_once)?\(([^)]+)~
LINE: 44

FILE: system/library/d_event_manager/event.php
NOT FOUND - OPERATIONS ABORTED!

FILE: system/library/d_event_manager/loader.php
REGEX: ~(require|include)(_once)?\(([^)]+)~
LINE: 167

FILE: system/library/d_event_manager/proxy.php
NOT FOUND - OPERATIONS ABORTED!
----------------------------------------------------------------
MOD: fondy_payment

FILE: catalog/controller/checkout/checkout.php
CODE: public function index() {
LINE: 11

FILE: catalog/view/theme/default/template/checkout/checkout.tpl
CODE: <h1><?php echo $heading_title; ?></h1>
LINE: 26
----------------------------------------------------------------
MOD: OcStore 2.3.x track number

FILE: admin/controller/sale/order.php
CODE: $data['shipping_method'] = $order_info['shipping_method'];
LINE: 567
LINE: 942
CODE: public function history() {
LINE: 1545

FILE: admin/model/sale/order.php
CODE: $order_query->row['order_id'],
LINE: 96

FILE: catalog/model/checkout/order.php
CODE: $order_query->row['order_id'],
LINE: 170

FILE: admin/view/template/sale/order_info.tpl
CODE: <td><?php echo $text_reward; ?></td>
LINE: 100
CODE: <?php echo $footer; ?>
LINE: 700

FILE: catalog/model/account/order.php
CODE: $order_query->row['order_id'],
LINE: 46

FILE: catalog/controller/account/order.php
CODE: if ($order_info['invoice_no']) {
LINE: 210

FILE: catalog/view/theme/default/template/account/order_info.tpl
CODE: <b><?php echo $text_shipping_method; ?></b> <?php echo $shipping_method; ?>
LINE: 49
----------------------------------------------------------------
MOD: Local copy OCMOD by iSenseLabs

FILE: admin/controller/extension/installer.php
CODE: 'url'  => str_replace('&amp;', '&', $this->url->link('extension/installer/ftp', 'token=' . $this->session->data['token'],
LINE: 131
CODE: public function unzip() {
LINE: 292
----------------------------------------------------------------
MOD: GreyImage OpenCart 2.*

FILE: catalog/controller/product/category.php
CODE: $result['product_id'],
LINE: 225

FILE: catalog/controller/product/compare.php
CODE: $result['product_id'],
NOT FOUND - OPERATIONS ABORTED!

FILE: catalog/controller/product/manufacturer.php
CODE: $result['product_id'],
LINE: 235

FILE: catalog/controller/product/product.php
CODE: $result['product_id'],
LINE: 452

FILE: catalog/controller/product/search.php
CODE: $result['product_id'],
LINE: 248

FILE: catalog/controller/product/special.php
CODE: $result['product_id'],
LINE: 133
CODE: if ($product_info['quantity'] <= 0) {
LINE: 284

FILE: catalog/view/theme/default/template/product/category.tpl
CODE: <?php echo $product['thumb']; ?>"
LINE: 100

FILE: catalog/view/theme/default/template/product/compare.tpl
CODE: <?php echo $product['thumb']; ?>"
LINE: 40

FILE: catalog/view/theme/default/template/product/manufacturer_info.tpl
CODE: <?php echo $product['thumb']; ?>"
LINE: 74

FILE: catalog/view/theme/default/template/product/manufacturer_list.tpl
CODE: <?php echo $product['thumb']; ?>"
NOT FOUND - OPERATIONS ABORTED!

FILE: catalog/view/theme/default/template/product/product.tpl
CODE: <?php echo $product['thumb']; ?>"
LINE: 335

FILE: catalog/view/theme/default/template/product/review.tpl
CODE: <?php echo $product['thumb']; ?>"
NOT FOUND - OPERATIONS ABORTED!

FILE: catalog/view/theme/default/template/product/search.tpl
CODE: <?php echo $product['thumb']; ?>"
LINE: 115

FILE: catalog/view/theme/default/template/product/special.tpl
CODE: <?php echo $product['thumb']; ?>"
LINE: 63
CODE: <?php echo $thumb; ?>"
LINE: 26

FILE: catalog/view/theme/default/template/common/footer.tpl
CODE: </body>
LINE: 72

FILE: catalog/view/theme/ochi/template/common/footer.tpl
CODE: </body>
LINE: 72
----------------------------------------------------------------
MOD: d_opencart_patch

FILE: admin/controller/extension/extension/dashboard.php
CODE: 'dashboard_' . $this->request->get['extension']
NOT FOUND - OPERATION SKIPPED!
CODE: $this->load->controller('extension/dashboard/' . $this->request->get['extension'] . '/uninstall');
LINE: 48
CODE: $this->model_extension_extension->uninstall('dashboard', $value);
LINE: 94

FILE: admin/controller/event/compatibility.php
CODE: $route = $part[1] . '/' . $part[2];
LINE: 9
LINE: 20

FILE: admin/controller/extension/extension/feed.php
CODE: $this->model_user_user_group->addPermission($this->user->getGroupId(), 'modify', 'extension/feed/' . $this->request->get['extension']);
LINE: 28

FILE: admin/controller/extension/extension/fraud.php
CODE: $this->model_user_user_group->addPermission($this->user->getGroupId(), 'modify', 'extension/fraud/' . $this->request->get['extension']);
LINE: 28

FILE: admin/controller/extension/extension/module.php
CODE: $this->model_user_user_group->addPermission($this->user->getGroupId(), 'modify', 'extension/module/' . $this->request->get['extension']);
LINE: 34
CODE: $data['extensions'][] = array(
LINE: 180

FILE: admin/controller/extension/extension/payment.php
CODE: $this->model_user_user_group->addPermission($this->user->getGroupId(), 'modify', 'extension/payment/' . $this->request->get['extension']);
LINE: 28

FILE: admin/controller/extension/extension/shipping.php
CODE: $this->model_user_user_group->addPermission($this->user->getGroupId(), 'modify', 'extension/shipping/' . $this->request->get['extension']);
LINE: 28

FILE: admin/controller/extension/extension/theme.php
CODE: $this->model_user_user_group->addPermission($this->user->getGroupId(), 'modify', 'extension/theme/' . $this->request->get['extension']);
LINE: 29

FILE: admin/controller/extension/extension/total.php
CODE: $this->model_user_user_group->addPermission($this->user->getGroupId(), 'modify', 'extension/total/' . $this->request->get['extension']);
LINE: 29

FILE: catalog/controller/event/compatibility.php
CODE: $route = $part[1] . '/' . $part[2];
LINE: 27
LINE: 37
LINE: 55

FILE: system/library/cart/user.php
CODE: return in_array($value, $this->permission[$key]);
LINE: 72

FILE: system/config/catalog.php
CODE: $_['action_event'] = array(
LINE: 61
CODE: class ControllerEventCompatibility extends Controller {
LINE: 5
CODE: public function view(&$route, &$data) {
LINE: 40

FILE: admin/model/localisation/language.php
CODE: $this->db->query("DELETE FROM " . DB_PREFIX . "banner_image_description WHERE language_id = '" . (int)$language_id . "'");
NOT FOUND - OPERATION SKIPPED!

FILE: admin/view/template/extension/extension/analytics.tpl
CODE: <?php } ?>
LINE: 32
CODE: <?php } else { ?>
LINE: 48

FILE: admin/controller/user/user_permission.php
CODE: $path[] = $file . '/*';
LINE: 369
CODE: $permission = substr($controller, 0, strrpos($controller, '.'));
LINE: 387
CODE: $modification_info = $this->model_extension_modification->getModificationByCode($code);
LINE: 533

FILE: admin/controller/common/filemanager.php
CODE: $files = glob($directory . '/' . $filter_name . '*.{jpg,jpeg,png,gif,JPG,JPEG,PNG,GIF}', GLOB_BRACE);
LINE: 72
CODE: 'jpg',
LINE: 304
CODE: 'image/jpeg',
LINE: 317

FILE: admin/model/tool/image.php
CODE: public function resize($filename, $width, $height) {
LINE: 18

FILE: catalog/model/tool/image.php
CODE: public function resize($filename, $width, $height) {
LINE: 18
----------------------------------------------------------------
MOD: d_ajax_search

FILE: catalog/controller/common/header.php
CODE: public function index() {
LINE: 3
----------------------------------------------------------------
2020-08-15 22:07:43 - MOD: Modification Default

FILE: system/engine/action.php
REGEX: ~(require|include)(_once)?\(([^)]+)~
LINE: 41

FILE: system/engine/loader.php
REGEX: ~(require|include)(_once)?\(([^)]+)~
LINE: 49
LINE: 108
LINE: 120
LINE: 165

FILE: system/library/config.php
REGEX: ~(require|include)(_once)?\(([^)]+)~
LINE: 23

FILE: system/library/language.php
REGEX: ~(require|include)(_once)?\(([^)]+)~
LINE: 38
LINE: 40
LINE: 49
LINE: 51
LINE: 60
LINE: 62

FILE: system/library/template/php.php
REGEX: ~(require|include)(_once)?\(([^)]+)~
LINE: 18

FILE: system/library/template/tiwg.php
REGEX: ~(require|include)(_once)?\(([^)]+)~
LINE: 24

FILE: system/library/template/twig.php
NOT FOUND - OPERATIONS ABORTED!
----------------------------------------------------------------
MOD: d_event_manager_startup

FILE: system/library/d_event_manager/action.php
REGEX: ~(require|include)(_once)?\(([^)]+)~
LINE: 44

FILE: system/library/d_event_manager/event.php
NOT FOUND - OPERATIONS ABORTED!

FILE: system/library/d_event_manager/loader.php
REGEX: ~(require|include)(_once)?\(([^)]+)~
LINE: 167

FILE: system/library/d_event_manager/proxy.php
NOT FOUND - OPERATIONS ABORTED!
----------------------------------------------------------------
MOD: fondy_payment

FILE: catalog/controller/checkout/checkout.php
CODE: public function index() {
LINE: 11

FILE: catalog/view/theme/default/template/checkout/checkout.tpl
CODE: <h1><?php echo $heading_title; ?></h1>
LINE: 26
----------------------------------------------------------------
MOD: OcStore 2.3.x track number

FILE: admin/controller/sale/order.php
CODE: $data['shipping_method'] = $order_info['shipping_method'];
LINE: 567
LINE: 942
CODE: public function history() {
LINE: 1545

FILE: admin/model/sale/order.php
CODE: $order_query->row['order_id'],
LINE: 96

FILE: catalog/model/checkout/order.php
CODE: $order_query->row['order_id'],
LINE: 170

FILE: admin/view/template/sale/order_info.tpl
CODE: <td><?php echo $text_reward; ?></td>
LINE: 100
CODE: <?php echo $footer; ?>
LINE: 700

FILE: catalog/model/account/order.php
CODE: $order_query->row['order_id'],
LINE: 46

FILE: catalog/controller/account/order.php
CODE: if ($order_info['invoice_no']) {
LINE: 210

FILE: catalog/view/theme/default/template/account/order_info.tpl
CODE: <b><?php echo $text_shipping_method; ?></b> <?php echo $shipping_method; ?>
LINE: 49
----------------------------------------------------------------
MOD: Local copy OCMOD by iSenseLabs

FILE: admin/controller/extension/installer.php
CODE: 'url'  => str_replace('&amp;', '&', $this->url->link('extension/installer/ftp', 'token=' . $this->session->data['token'],
LINE: 131
CODE: public function unzip() {
LINE: 292
----------------------------------------------------------------
MOD: GreyImage OpenCart 2.*

FILE: catalog/controller/product/category.php
CODE: $result['product_id'],
LINE: 225

FILE: catalog/controller/product/compare.php
CODE: $result['product_id'],
NOT FOUND - OPERATIONS ABORTED!

FILE: catalog/controller/product/manufacturer.php
CODE: $result['product_id'],
LINE: 235

FILE: catalog/controller/product/product.php
CODE: $result['product_id'],
LINE: 452

FILE: catalog/controller/product/search.php
CODE: $result['product_id'],
LINE: 248

FILE: catalog/controller/product/special.php
CODE: $result['product_id'],
LINE: 133
CODE: if ($product_info['quantity'] <= 0) {
LINE: 284

FILE: catalog/view/theme/default/template/product/category.tpl
CODE: <?php echo $product['thumb']; ?>"
LINE: 100

FILE: catalog/view/theme/default/template/product/compare.tpl
CODE: <?php echo $product['thumb']; ?>"
LINE: 40

FILE: catalog/view/theme/default/template/product/manufacturer_info.tpl
CODE: <?php echo $product['thumb']; ?>"
LINE: 74

FILE: catalog/view/theme/default/template/product/manufacturer_list.tpl
CODE: <?php echo $product['thumb']; ?>"
NOT FOUND - OPERATIONS ABORTED!

FILE: catalog/view/theme/default/template/product/product.tpl
CODE: <?php echo $product['thumb']; ?>"
LINE: 335

FILE: catalog/view/theme/default/template/product/review.tpl
CODE: <?php echo $product['thumb']; ?>"
NOT FOUND - OPERATIONS ABORTED!

FILE: catalog/view/theme/default/template/product/search.tpl
CODE: <?php echo $product['thumb']; ?>"
LINE: 115

FILE: catalog/view/theme/default/template/product/special.tpl
CODE: <?php echo $product['thumb']; ?>"
LINE: 63
CODE: <?php echo $thumb; ?>"
LINE: 26

FILE: catalog/view/theme/default/template/common/footer.tpl
CODE: </body>
LINE: 72

FILE: catalog/view/theme/ochi/template/common/footer.tpl
CODE: </body>
LINE: 72
----------------------------------------------------------------
MOD: d_opencart_patch

FILE: admin/controller/extension/extension/dashboard.php
CODE: 'dashboard_' . $this->request->get['extension']
NOT FOUND - OPERATION SKIPPED!
CODE: $this->load->controller('extension/dashboard/' . $this->request->get['extension'] . '/uninstall');
LINE: 48
CODE: $this->model_extension_extension->uninstall('dashboard', $value);
LINE: 94

FILE: admin/controller/event/compatibility.php
CODE: $route = $part[1] . '/' . $part[2];
LINE: 9
LINE: 20

FILE: admin/controller/extension/extension/feed.php
CODE: $this->model_user_user_group->addPermission($this->user->getGroupId(), 'modify', 'extension/feed/' . $this->request->get['extension']);
LINE: 28

FILE: admin/controller/extension/extension/fraud.php
CODE: $this->model_user_user_group->addPermission($this->user->getGroupId(), 'modify', 'extension/fraud/' . $this->request->get['extension']);
LINE: 28

FILE: admin/controller/extension/extension/module.php
CODE: $this->model_user_user_group->addPermission($this->user->getGroupId(), 'modify', 'extension/module/' . $this->request->get['extension']);
LINE: 34
CODE: $data['extensions'][] = array(
LINE: 180

FILE: admin/controller/extension/extension/payment.php
CODE: $this->model_user_user_group->addPermission($this->user->getGroupId(), 'modify', 'extension/payment/' . $this->request->get['extension']);
LINE: 28

FILE: admin/controller/extension/extension/shipping.php
CODE: $this->model_user_user_group->addPermission($this->user->getGroupId(), 'modify', 'extension/shipping/' . $this->request->get['extension']);
LINE: 28

FILE: admin/controller/extension/extension/theme.php
CODE: $this->model_user_user_group->addPermission($this->user->getGroupId(), 'modify', 'extension/theme/' . $this->request->get['extension']);
LINE: 29

FILE: admin/controller/extension/extension/total.php
CODE: $this->model_user_user_group->addPermission($this->user->getGroupId(), 'modify', 'extension/total/' . $this->request->get['extension']);
LINE: 29

FILE: catalog/controller/event/compatibility.php
CODE: $route = $part[1] . '/' . $part[2];
LINE: 27
LINE: 37
LINE: 55

FILE: system/library/cart/user.php
CODE: return in_array($value, $this->permission[$key]);
LINE: 72

FILE: system/config/catalog.php
CODE: $_['action_event'] = array(
LINE: 61
CODE: class ControllerEventCompatibility extends Controller {
LINE: 5
CODE: public function view(&$route, &$data) {
LINE: 40

FILE: admin/model/localisation/language.php
CODE: $this->db->query("DELETE FROM " . DB_PREFIX . "banner_image_description WHERE language_id = '" . (int)$language_id . "'");
NOT FOUND - OPERATION SKIPPED!

FILE: admin/view/template/extension/extension/analytics.tpl
CODE: <?php } ?>
LINE: 32
CODE: <?php } else { ?>
LINE: 48

FILE: admin/controller/user/user_permission.php
CODE: $path[] = $file . '/*';
LINE: 369
CODE: $permission = substr($controller, 0, strrpos($controller, '.'));
LINE: 387
CODE: $modification_info = $this->model_extension_modification->getModificationByCode($code);
LINE: 533

FILE: admin/controller/common/filemanager.php
CODE: $files = glob($directory . '/' . $filter_name . '*.{jpg,jpeg,png,gif,JPG,JPEG,PNG,GIF}', GLOB_BRACE);
LINE: 72
CODE: 'jpg',
LINE: 304
CODE: 'image/jpeg',
LINE: 317

FILE: admin/model/tool/image.php
CODE: public function resize($filename, $width, $height) {
LINE: 18

FILE: catalog/model/tool/image.php
CODE: public function resize($filename, $width, $height) {
LINE: 18
----------------------------------------------------------------
MOD: d_ajax_search

FILE: catalog/controller/common/header.php
CODE: public function index() {
LINE: 3
----------------------------------------------------------------
2020-08-15 22:08:51 - MOD: Modification Default
FILE: system/engine/action.php
REGEX: ~(require|include)(_once)?\(([^)]+)~
LINE: 41
FILE: system/engine/loader.php
REGEX: ~(require|include)(_once)?\(([^)]+)~
LINE: 49
LINE: 108
LINE: 120
LINE: 165
FILE: system/library/config.php
REGEX: ~(require|include)(_once)?\(([^)]+)~
LINE: 23
FILE: system/library/language.php
REGEX: ~(require|include)(_once)?\(([^)]+)~
LINE: 38
LINE: 40
LINE: 49
LINE: 51
LINE: 60
LINE: 62
FILE: system/library/template/php.php
REGEX: ~(require|include)(_once)?\(([^)]+)~
LINE: 18
FILE: system/library/template/tiwg.php
REGEX: ~(require|include)(_once)?\(([^)]+)~
LINE: 24
FILE: system/library/template/twig.php
NOT FOUND!
----------------------------------------------------------------
MOD: d_event_manager_startup
FILE: system/library/d_event_manager/action.php
REGEX: ~(require|include)(_once)?\(([^)]+)~
LINE: 44
FILE: system/library/d_event_manager/event.php
NOT FOUND!
FILE: system/library/d_event_manager/loader.php
REGEX: ~(require|include)(_once)?\(([^)]+)~
LINE: 167
FILE: system/library/d_event_manager/proxy.php
NOT FOUND!
----------------------------------------------------------------
MOD: fondy_payment
FILE: catalog/controller/checkout/checkout.php
CODE: public function index() {
LINE: 11
FILE: catalog/view/theme/default/template/checkout/checkout.tpl
CODE: <h1><?php echo $heading_title; ?></h1>
LINE: 26
----------------------------------------------------------------
MOD: OcStore 2.3.x track number
FILE: admin/controller/sale/order.php
CODE: $data['shipping_method'] = $order_info['shipping_method'];
LINE: 567
LINE: 942
CODE: public function history() {
LINE: 1545
FILE: admin/model/sale/order.php
CODE: $order_query->row['order_id'],
LINE: 96
FILE: catalog/model/checkout/order.php
CODE: $order_query->row['order_id'],
LINE: 170
FILE: admin/view/template/sale/order_info.tpl
CODE: <td><?php echo $text_reward; ?></td>
LINE: 100
CODE: <?php echo $footer; ?>
LINE: 700
FILE: catalog/model/account/order.php
CODE: $order_query->row['order_id'],
LINE: 46
FILE: catalog/controller/account/order.php
CODE: if ($order_info['invoice_no']) {
LINE: 210
FILE: catalog/view/theme/default/template/account/order_info.tpl
CODE: <b><?php echo $text_shipping_method; ?></b> <?php echo $shipping_method; ?>
LINE: 49
----------------------------------------------------------------
MOD: d_ajax_search
FILE: catalog/controller/common/header.php
CODE: public function index() {
LINE: 3
----------------------------------------------------------------
MOD: d_opencart_patch
FILE: admin/controller/extension/extension/dashboard.php
CODE: 'dashboard_' . $this->request->get['extension']
NOT FOUND!
CODE: $this->load->controller('extension/dashboard/' . $this->request->get['extension'] . '/uninstall');
LINE: 48
CODE: $this->model_extension_extension->uninstall('dashboard', $value);
LINE: 94
FILE: admin/controller/event/compatibility.php
CODE: $route = $part[1] . '/' . $part[2];
LINE: 9
LINE: 20
FILE: admin/controller/extension/extension/feed.php
CODE: $this->model_user_user_group->addPermission($this->user->getGroupId(), 'modify', 'extension/feed/' . $this->request->get['extension']);
LINE: 28
FILE: admin/controller/extension/extension/fraud.php
CODE: $this->model_user_user_group->addPermission($this->user->getGroupId(), 'modify', 'extension/fraud/' . $this->request->get['extension']);
LINE: 28
FILE: admin/controller/extension/extension/module.php
CODE: $this->model_user_user_group->addPermission($this->user->getGroupId(), 'modify', 'extension/module/' . $this->request->get['extension']);
LINE: 34
CODE: $data['extensions'][] = array(
LINE: 180
FILE: admin/controller/extension/extension/payment.php
CODE: $this->model_user_user_group->addPermission($this->user->getGroupId(), 'modify', 'extension/payment/' . $this->request->get['extension']);
LINE: 28
FILE: admin/controller/extension/extension/shipping.php
CODE: $this->model_user_user_group->addPermission($this->user->getGroupId(), 'modify', 'extension/shipping/' . $this->request->get['extension']);
LINE: 28
FILE: admin/controller/extension/extension/theme.php
CODE: $this->model_user_user_group->addPermission($this->user->getGroupId(), 'modify', 'extension/theme/' . $this->request->get['extension']);
LINE: 29
FILE: admin/controller/extension/extension/total.php
CODE: $this->model_user_user_group->addPermission($this->user->getGroupId(), 'modify', 'extension/total/' . $this->request->get['extension']);
LINE: 29
FILE: catalog/controller/event/compatibility.php
CODE: $route = $part[1] . '/' . $part[2];
LINE: 27
LINE: 37
LINE: 55
FILE: system/library/cart/user.php
CODE: return in_array($value, $this->permission[$key]);
LINE: 72
FILE: system/config/catalog.php
CODE: $_['action_event'] = array(
LINE: 61
CODE: class ControllerEventCompatibility extends Controller {
LINE: 5
CODE: public function view(&$route, &$data) {
LINE: 40
FILE: admin/model/localisation/language.php
CODE: $this->db->query("DELETE FROM " . DB_PREFIX . "banner_image_description WHERE language_id = '" . (int)$language_id . "'");
NOT FOUND!
FILE: admin/view/template/extension/extension/analytics.tpl
CODE: <?php } ?>
LINE: 32
CODE: <?php } else { ?>
LINE: 48
FILE: admin/controller/user/user_permission.php
CODE: $path[] = $file . '/*';
LINE: 369
CODE: $permission = substr($controller, 0, strrpos($controller, '.'));
LINE: 387
FILE: admin/controller/extension/installer.php
CODE: $modification_info = $this->model_extension_modification->getModificationByCode($code);
LINE: 457
FILE: admin/controller/common/filemanager.php
CODE: $files = glob($directory . '/' . $filter_name . '*.{jpg,jpeg,png,gif,JPG,JPEG,PNG,GIF}', GLOB_BRACE);
LINE: 72
CODE: 'jpg',
LINE: 304
CODE: 'image/jpeg',
LINE: 317
FILE: admin/model/tool/image.php
CODE: public function resize($filename, $width, $height) {
LINE: 18
FILE: catalog/model/tool/image.php
CODE: public function resize($filename, $width, $height) {
LINE: 18
----------------------------------------------------------------
MOD: d_twig_manager
CODE: $file = DIR_TEMPLATE . $template;
NOT FOUND!
CODE: $output = $template->render($route . '.tpl'
LINE: 92
----------------------------------------------------------------
MOD: GreyImage OpenCart 2.*
FILE: catalog/controller/product/category.php
CODE: $result['product_id'],
LINE: 225
FILE: catalog/controller/product/compare.php
CODE: $result['product_id'],
NOT FOUND!
FILE: catalog/controller/product/manufacturer.php
CODE: $result['product_id'],
LINE: 235
FILE: catalog/controller/product/product.php
CODE: $result['product_id'],
LINE: 452
FILE: catalog/controller/product/search.php
CODE: $result['product_id'],
LINE: 248
FILE: catalog/controller/product/special.php
CODE: $result['product_id'],
LINE: 133
CODE: if ($product_info['quantity'] <= 0) {
LINE: 284
FILE: catalog/view/theme/default/template/product/category.tpl
CODE: <?php echo $product['thumb']; ?>"
LINE: 100
FILE: catalog/view/theme/default/template/product/compare.tpl
CODE: <?php echo $product['thumb']; ?>"
LINE: 40
FILE: catalog/view/theme/default/template/product/manufacturer_info.tpl
CODE: <?php echo $product['thumb']; ?>"
LINE: 74
FILE: catalog/view/theme/default/template/product/manufacturer_list.tpl
CODE: <?php echo $product['thumb']; ?>"
NOT FOUND!
FILE: catalog/view/theme/default/template/product/product.tpl
CODE: <?php echo $product['thumb']; ?>"
LINE: 335
FILE: catalog/view/theme/default/template/product/review.tpl
CODE: <?php echo $product['thumb']; ?>"
NOT FOUND!
FILE: catalog/view/theme/default/template/product/search.tpl
CODE: <?php echo $product['thumb']; ?>"
LINE: 115
FILE: catalog/view/theme/default/template/product/special.tpl
CODE: <?php echo $product['thumb']; ?>"
LINE: 63
CODE: <?php echo $thumb; ?>"
LINE: 26
FILE: catalog/view/theme/default/template/common/footer.tpl
CODE: </body>
LINE: 72
FILE: catalog/view/theme/ochi/template/common/footer.tpl
CODE: </body>
LINE: 72
----------------------------------------------------------------
MOD: Local copy OCMOD by iSenseLabs
CODE: 'url'  => str_replace('&amp;', '&', $this->url->link('extension/installer/ftp', 'token=' . $this->session->data['token'],
LINE: 131
CODE: public function unzip() {
LINE: 292
----------------------------------------------------------------
2020-08-15 22:08:52 - MOD: Modification Default
FILE: system/engine/action.php
REGEX: ~(require|include)(_once)?\(([^)]+)~
LINE: 41
FILE: system/engine/loader.php
REGEX: ~(require|include)(_once)?\(([^)]+)~
LINE: 49
LINE: 108
LINE: 120
LINE: 165
FILE: system/library/config.php
REGEX: ~(require|include)(_once)?\(([^)]+)~
LINE: 23
FILE: system/library/language.php
REGEX: ~(require|include)(_once)?\(([^)]+)~
LINE: 38
LINE: 40
LINE: 49
LINE: 51
LINE: 60
LINE: 62
FILE: system/library/template/php.php
REGEX: ~(require|include)(_once)?\(([^)]+)~
LINE: 18
FILE: system/library/template/tiwg.php
REGEX: ~(require|include)(_once)?\(([^)]+)~
LINE: 24
FILE: system/library/template/twig.php
NOT FOUND!
----------------------------------------------------------------
MOD: d_event_manager_startup
FILE: system/library/d_event_manager/action.php
REGEX: ~(require|include)(_once)?\(([^)]+)~
LINE: 44
FILE: system/library/d_event_manager/event.php
NOT FOUND!
FILE: system/library/d_event_manager/loader.php
REGEX: ~(require|include)(_once)?\(([^)]+)~
LINE: 167
FILE: system/library/d_event_manager/proxy.php
NOT FOUND!
----------------------------------------------------------------
MOD: fondy_payment
FILE: catalog/controller/checkout/checkout.php
CODE: public function index() {
LINE: 11
FILE: catalog/view/theme/default/template/checkout/checkout.tpl
CODE: <h1><?php echo $heading_title; ?></h1>
LINE: 26
----------------------------------------------------------------
MOD: OcStore 2.3.x track number
FILE: admin/controller/sale/order.php
CODE: $data['shipping_method'] = $order_info['shipping_method'];
LINE: 567
LINE: 942
CODE: public function history() {
LINE: 1545
FILE: admin/model/sale/order.php
CODE: $order_query->row['order_id'],
LINE: 96
FILE: catalog/model/checkout/order.php
CODE: $order_query->row['order_id'],
LINE: 170
FILE: admin/view/template/sale/order_info.tpl
CODE: <td><?php echo $text_reward; ?></td>
LINE: 100
CODE: <?php echo $footer; ?>
LINE: 700
FILE: catalog/model/account/order.php
CODE: $order_query->row['order_id'],
LINE: 46
FILE: catalog/controller/account/order.php
CODE: if ($order_info['invoice_no']) {
LINE: 210
FILE: catalog/view/theme/default/template/account/order_info.tpl
CODE: <b><?php echo $text_shipping_method; ?></b> <?php echo $shipping_method; ?>
LINE: 49
----------------------------------------------------------------
MOD: d_ajax_search
FILE: catalog/controller/common/header.php
CODE: public function index() {
LINE: 3
----------------------------------------------------------------
MOD: d_event_manager
CODE: public function __construct($registry) {
LINE: 8
CODE: public function controller($route, $args = array()) {
NOT FOUND!
CODE: public function controller($route, $data = array()) {
LINE: 12
CODE: public function model($model) {
NOT FOUND!
CODE: public function model($model, $data = array()) {
NOT FOUND!
CODE: $this->registry->set('model_' . str_replace('/', '_', $model), new $class($this->registry));
NOT FOUND!
CODE: public function view($template, $data = array()) {
NOT FOUND!
CODE: public function config($config) {
NOT FOUND!
CODE: public function language($language) {
NOT FOUND!
CODE: public function __get($key) {
NOT FOUND!
CODE: public function __set($key, $value) {
NOT FOUND!
CODE: protected $registry;
LINE: 5
FILE: system/engine/front.php
CODE: while ($action) {
NOT FOUND!
CODE: private $registry;
NOT FOUND!
CODE: $result = $this->registry->get('event')->trigger('controller/' . $route . '/before', array(&$route, &$data));
NOT FOUND!
CODE: $this->registry->get('event')->trigger('view/' . $route . '/before', array(&$route, &$data));
NOT FOUND!
CODE: $template = new Template('basic');
NOT FOUND!
CODE: $this->registry->get('event')->trigger('view/' . $route . '/after', array(&$route, &$data, &$output));
LINE: 109
CODE: $this->registry->get('event')->trigger('config/' . $route . '/before', $route);
NOT FOUND!
CODE: $this->registry->get('event')->trigger('config/' . $route . '/after', $route);
NOT FOUND!
CODE: $this->registry->get('event')->trigger('language/' . $route . '/before', $route);
NOT FOUND!
CODE: $this->registry->get('event')->trigger('language/' . $route . '/after', $route);
NOT FOUND!
CODE: $result = $registry->get('event')->trigger('model/' . $route . '/before', array_merge(array(&$route), $args));
NOT FOUND!
CODE: $result = $registry->get('event')->trigger('model/' . $route . '/after', array_merge(array(&$route, &$output), $args));
NOT FOUND!
FILE: system/engine/event.php
CODE: foreach ($this->data as $key => $value) {
NOT FOUND!
CODE: foreach ($this->data as $trigger => $actions) {
LINE: 24
CODE: if (!$output) {
LINE: 98
----------------------------------------------------------------
MOD: d_opencart_patch
FILE: admin/controller/extension/extension/dashboard.php
CODE: 'dashboard_' . $this->request->get['extension']
NOT FOUND!
CODE: $this->load->controller('extension/dashboard/' . $this->request->get['extension'] . '/uninstall');
LINE: 48
CODE: $this->model_extension_extension->uninstall('dashboard', $value);
LINE: 94
FILE: admin/controller/event/compatibility.php
CODE: $route = $part[1] . '/' . $part[2];
LINE: 9
LINE: 20
FILE: admin/controller/extension/extension/feed.php
CODE: $this->model_user_user_group->addPermission($this->user->getGroupId(), 'modify', 'extension/feed/' . $this->request->get['extension']);
LINE: 28
FILE: admin/controller/extension/extension/fraud.php
CODE: $this->model_user_user_group->addPermission($this->user->getGroupId(), 'modify', 'extension/fraud/' . $this->request->get['extension']);
LINE: 28
FILE: admin/controller/extension/extension/module.php
CODE: $this->model_user_user_group->addPermission($this->user->getGroupId(), 'modify', 'extension/module/' . $this->request->get['extension']);
LINE: 34
CODE: $data['extensions'][] = array(
LINE: 180
FILE: admin/controller/extension/extension/payment.php
CODE: $this->model_user_user_group->addPermission($this->user->getGroupId(), 'modify', 'extension/payment/' . $this->request->get['extension']);
LINE: 28
FILE: admin/controller/extension/extension/shipping.php
CODE: $this->model_user_user_group->addPermission($this->user->getGroupId(), 'modify', 'extension/shipping/' . $this->request->get['extension']);
LINE: 28
FILE: admin/controller/extension/extension/theme.php
CODE: $this->model_user_user_group->addPermission($this->user->getGroupId(), 'modify', 'extension/theme/' . $this->request->get['extension']);
LINE: 29
FILE: admin/controller/extension/extension/total.php
CODE: $this->model_user_user_group->addPermission($this->user->getGroupId(), 'modify', 'extension/total/' . $this->request->get['extension']);
LINE: 29
FILE: catalog/controller/event/compatibility.php
CODE: $route = $part[1] . '/' . $part[2];
LINE: 27
LINE: 37
LINE: 55
FILE: system/library/cart/user.php
CODE: return in_array($value, $this->permission[$key]);
LINE: 72
FILE: system/config/catalog.php
CODE: $_['action_event'] = array(
LINE: 61
CODE: class ControllerEventCompatibility extends Controller {
LINE: 5
CODE: public function view(&$route, &$data) {
LINE: 40
FILE: admin/model/localisation/language.php
CODE: $this->db->query("DELETE FROM " . DB_PREFIX . "banner_image_description WHERE language_id = '" . (int)$language_id . "'");
NOT FOUND!
FILE: admin/view/template/extension/extension/analytics.tpl
CODE: <?php } ?>
LINE: 32
CODE: <?php } else { ?>
LINE: 48
FILE: admin/controller/user/user_permission.php
CODE: $path[] = $file . '/*';
LINE: 369
CODE: $permission = substr($controller, 0, strrpos($controller, '.'));
LINE: 387
FILE: admin/controller/extension/installer.php
CODE: $modification_info = $this->model_extension_modification->getModificationByCode($code);
LINE: 457
FILE: admin/controller/common/filemanager.php
CODE: $files = glob($directory . '/' . $filter_name . '*.{jpg,jpeg,png,gif,JPG,JPEG,PNG,GIF}', GLOB_BRACE);
LINE: 72
CODE: 'jpg',
LINE: 304
CODE: 'image/jpeg',
LINE: 317
FILE: admin/model/tool/image.php
CODE: public function resize($filename, $width, $height) {
LINE: 18
FILE: catalog/model/tool/image.php
CODE: public function resize($filename, $width, $height) {
LINE: 18
----------------------------------------------------------------
MOD: d_twig_manager
CODE: $file = DIR_TEMPLATE . $template;
NOT FOUND!
CODE: $output = $template->render($route . '.tpl'
LINE: 111
----------------------------------------------------------------
MOD: GreyImage OpenCart 2.*
FILE: catalog/controller/product/category.php
CODE: $result['product_id'],
LINE: 225
FILE: catalog/controller/product/compare.php
CODE: $result['product_id'],
NOT FOUND!
FILE: catalog/controller/product/manufacturer.php
CODE: $result['product_id'],
LINE: 235
FILE: catalog/controller/product/product.php
CODE: $result['product_id'],
LINE: 452
FILE: catalog/controller/product/search.php
CODE: $result['product_id'],
LINE: 248
FILE: catalog/controller/product/special.php
CODE: $result['product_id'],
LINE: 133
CODE: if ($product_info['quantity'] <= 0) {
LINE: 284
FILE: catalog/view/theme/default/template/product/category.tpl
CODE: <?php echo $product['thumb']; ?>"
LINE: 100
FILE: catalog/view/theme/default/template/product/compare.tpl
CODE: <?php echo $product['thumb']; ?>"
LINE: 40
FILE: catalog/view/theme/default/template/product/manufacturer_info.tpl
CODE: <?php echo $product['thumb']; ?>"
LINE: 74
FILE: catalog/view/theme/default/template/product/manufacturer_list.tpl
CODE: <?php echo $product['thumb']; ?>"
NOT FOUND!
FILE: catalog/view/theme/default/template/product/product.tpl
CODE: <?php echo $product['thumb']; ?>"
LINE: 335
FILE: catalog/view/theme/default/template/product/review.tpl
CODE: <?php echo $product['thumb']; ?>"
NOT FOUND!
FILE: catalog/view/theme/default/template/product/search.tpl
CODE: <?php echo $product['thumb']; ?>"
LINE: 115
FILE: catalog/view/theme/default/template/product/special.tpl
CODE: <?php echo $product['thumb']; ?>"
LINE: 63
CODE: <?php echo $thumb; ?>"
LINE: 26
FILE: catalog/view/theme/default/template/common/footer.tpl
CODE: </body>
LINE: 72
FILE: catalog/view/theme/ochi/template/common/footer.tpl
CODE: </body>
LINE: 72
----------------------------------------------------------------
MOD: Local copy OCMOD by iSenseLabs
CODE: 'url'  => str_replace('&amp;', '&', $this->url->link('extension/installer/ftp', 'token=' . $this->session->data['token'],
LINE: 131
CODE: public function unzip() {
LINE: 292
----------------------------------------------------------------
